This is XeTeX, Version 3.14159265-2.6-0.999992 (TeX Live 2020/W32TeX) (preloaded format=xelatex 2021.2.28)  15 APR 2021 11:44
entering extended mode
 restricted \write18 enabled.
 %&-line parsing enabled.
**r-intro.tex
(./r-intro.tex
LaTeX2e <2020-10-01> patch level 4
L3 programming layer <2021-02-18> (c:/Users/yura/AppData/Roaming/TinyTeX/texmf-
dist/tex/latex/base/book.cls
Document Class: book 2020/04/10 v1.4m Standard LaTeX document class
(c:/Users/yura/AppData/Roaming/TinyTeX/texmf-dist/tex/latex/base/bk10.clo
File: bk10.clo 2020/04/10 v1.4m Standard LaTeX file (size option)
)
\c@part=\count175
\c@chapter=\count176
\c@section=\count177
\c@subsection=\count178
\c@subsubsection=\count179
\c@paragraph=\count180
\c@subparagraph=\count181
\c@figure=\count182
\c@table=\count183
\abovecaptionskip=\skip47
\belowcaptionskip=\skip48
\bibindent=\dimen138
) (c:/Users/yura/AppData/Roaming/TinyTeX/texmf-dist/tex/latex/lm/lmodern.sty
Package: lmodern 2009/10/30 v1.6 Latin Modern Fonts
LaTeX Font Info:    Overwriting symbol font `operators' in version `normal'
(Font)                  OT1/cmr/m/n --> OT1/lmr/m/n on input line 22.
LaTeX Font Info:    Overwriting symbol font `letters' in version `normal'
(Font)                  OML/cmm/m/it --> OML/lmm/m/it on input line 23.
LaTeX Font Info:    Overwriting symbol font `symbols' in version `normal'
(Font)                  OMS/cmsy/m/n --> OMS/lmsy/m/n on input line 24.
LaTeX Font Info:    Overwriting symbol font `largesymbols' in version `normal'
(Font)                  OMX/cmex/m/n --> OMX/lmex/m/n on input line 25.
LaTeX Font Info:    Overwriting symbol font `operators' in version `bold'
(Font)                  OT1/cmr/bx/n --> OT1/lmr/bx/n on input line 26.
LaTeX Font Info:    Overwriting symbol font `letters' in version `bold'
(Font)                  OML/cmm/b/it --> OML/lmm/b/it on input line 27.
LaTeX Font Info:    Overwriting symbol font `symbols' in version `bold'
(Font)                  OMS/cmsy/b/n --> OMS/lmsy/b/n on input line 28.
LaTeX Font Info:    Overwriting symbol font `largesymbols' in version `bold'
(Font)                  OMX/cmex/m/n --> OMX/lmex/m/n on input line 29.
LaTeX Font Info:    Overwriting math alphabet `\mathbf' in version `normal'
(Font)                  OT1/cmr/bx/n --> OT1/lmr/bx/n on input line 31.
LaTeX Font Info:    Overwriting math alphabet `\mathsf' in version `normal'
(Font)                  OT1/cmss/m/n --> OT1/lmss/m/n on input line 32.
LaTeX Font Info:    Overwriting math alphabet `\mathit' in version `normal'
(Font)                  OT1/cmr/m/it --> OT1/lmr/m/it on input line 33.
LaTeX Font Info:    Overwriting math alphabet `\mathtt' in version `normal'
(Font)                  OT1/cmtt/m/n --> OT1/lmtt/m/n on input line 34.
LaTeX Font Info:    Overwriting math alphabet `\mathbf' in version `bold'
(Font)                  OT1/cmr/bx/n --> OT1/lmr/bx/n on input line 35.
LaTeX Font Info:    Overwriting math alphabet `\mathsf' in version `bold'
(Font)                  OT1/cmss/bx/n --> OT1/lmss/bx/n on input line 36.
LaTeX Font Info:    Overwriting math alphabet `\mathit' in version `bold'
(Font)                  OT1/cmr/bx/it --> OT1/lmr/bx/it on input line 37.
LaTeX Font Info:    Overwriting math alphabet `\mathtt' in version `bold'
(Font)                  OT1/cmtt/m/n --> OT1/lmtt/m/n on input line 38.
)
(c:/Users/yura/AppData/Roaming/TinyTeX/texmf-dist/tex/latex/amsfonts/amssymb.st
y
Package: amssymb 2013/01/14 v3.01 AMS font symbols

(c:/Users/yura/AppData/Roaming/TinyTeX/texmf-dist/tex/latex/amsfonts/amsfonts.s
ty
Package: amsfonts 2013/01/14 v3.01 Basic AMSFonts support
\@emptytoks=\toks15
\symAMSa=\mathgroup4
\symAMSb=\mathgroup5
LaTeX Font Info:    Redeclaring math symbol \hbar on input line 98.
LaTeX Font Info:    Overwriting math alphabet `\mathfrak' in version `bold'
(Font)                  U/euf/m/n --> U/euf/b/n on input line 106.
))
(c:/Users/yura/AppData/Roaming/TinyTeX/texmf-dist/tex/latex/amsmath/amsmath.sty
Package: amsmath 2020/09/23 v2.17i AMS math features
\@mathmargin=\skip49
For additional information on amsmath, use the `?' option.

(c:/Users/yura/AppData/Roaming/TinyTeX/texmf-dist/tex/latex/amsmath/amstext.sty
Package: amstext 2000/06/29 v2.01 AMS text
(c:/Users/yura/AppData/Roaming/TinyTeX/texmf-dist/tex/latex/amsmath/amsgen.sty
File: amsgen.sty 1999/11/30 v2.0 generic functions
\@emptytoks=\toks16
\ex@=\dimen139
)) (c:/Users/yura/AppData/Roaming/TinyTeX/texmf-dist/tex/latex/amsmath/amsbsy.s
ty
Package: amsbsy 1999/11/29 v1.2d Bold Symbols
\pmbraise@=\dimen140
) (c:/Users/yura/AppData/Roaming/TinyTeX/texmf-dist/tex/latex/amsmath/amsopn.st
y
Package: amsopn 2016/03/08 v2.02 operator names
)
\inf@bad=\count184
LaTeX Info: Redefining \frac on input line 234.
\uproot@=\count185
\leftroot@=\count186
LaTeX Info: Redefining \overline on input line 399.
\classnum@=\count187
\DOTSCASE@=\count188
LaTeX Info: Redefining \ldots on input line 496.
LaTeX Info: Redefining \dots on input line 499.
LaTeX Info: Redefining \cdots on input line 620.
\Mathstrutbox@=\box47
\strutbox@=\box48
\big@size=\dimen141
LaTeX Font Info:    Redeclaring font encoding OML on input line 743.
LaTeX Font Info:    Redeclaring font encoding OMS on input line 744.
\macc@depth=\count189
\c@MaxMatrixCols=\count190
\dotsspace@=\muskip16
\c@parentequation=\count191
\dspbrk@lvl=\count192
\tag@help=\toks17
\row@=\count193
\column@=\count194
\maxfields@=\count195
\andhelp@=\toks18
\eqnshift@=\dimen142
\alignsep@=\dimen143
\tagshift@=\dimen144
\tagwidth@=\dimen145
\totwidth@=\dimen146
\lineht@=\dimen147
\@envbody=\toks19
\multlinegap=\skip50
\multlinetaggap=\skip51
\mathdisplay@stack=\toks20
LaTeX Info: Redefining \[ on input line 2923.
LaTeX Info: Redefining \] on input line 2924.
)
(c:/Users/yura/AppData/Roaming/TinyTeX/texmf-dist/tex/generic/iftex/ifxetex.sty
Package: ifxetex 2019/10/25 v0.7 ifxetex legacy package. Use iftex instead.
(c:/Users/yura/AppData/Roaming/TinyTeX/texmf-dist/tex/generic/iftex/iftex.sty
Package: iftex 2020/03/06 v1.0d TeX engine tests
))
(c:/Users/yura/AppData/Roaming/TinyTeX/texmf-dist/tex/generic/iftex/ifluatex.st
y
Package: ifluatex 2019/10/25 v1.5 ifluatex legacy package. Use iftex instead.
)
(c:/Users/yura/AppData/Roaming/TinyTeX/texmf-dist/tex/latex/unicode-math/unicod
e-math.sty (c:/Users/yura/AppData/Roaming/TinyTeX/texmf-dist/tex/latex/l3kernel
/expl3.sty
Package: expl3 2021-02-18 L3 programming layer (loader) 

(c:/Users/yura/AppData/Roaming/TinyTeX/texmf-dist/tex/latex/l3backend/l3backend
-xetex.def
File: l3backend-xetex.def 2021-02-18 L3 backend support: XeTeX
(|extractbb --version)
\c__kernel_sys_dvipdfmx_version_int=\count196
\l__color_backend_stack_int=\count197
\g__color_backend_stack_int=\count198
\g__graphics_track_int=\count199
\l__pdf_internal_box=\box49
\g__pdf_backend_object_int=\count266
\g__pdf_backend_annotation_int=\count267
\g__pdf_backend_link_int=\count268
))
Package: unicode-math 2020/01/31 v0.8q Unicode maths in XeLaTeX and LuaLaTeX

(c:/Users/yura/AppData/Roaming/TinyTeX/texmf-dist/tex/latex/unicode-math/unicod
e-math-xetex.sty
Package: unicode-math-xetex 2020/01/31 v0.8q Unicode maths in XeLaTeX and LuaLa
TeX

(c:/Users/yura/AppData/Roaming/TinyTeX/texmf-dist/tex/latex/l3packages/xparse/x
parse.sty
(c:/Users/yura/AppData/Roaming/TinyTeX/texmf-dist/tex/latex/l3packages/xparse/x
parse-2020-10-01.sty
(c:/Users/yura/AppData/Roaming/TinyTeX/texmf-dist/tex/latex/l3packages/xparse/x
parse-generic.tex)))
(c:/Users/yura/AppData/Roaming/TinyTeX/texmf-dist/tex/latex/l3packages/l3keys2e
/l3keys2e.sty
Package: l3keys2e 2021-02-02 LaTeX2e option processing using LaTeX3 keys
)
(c:/Users/yura/AppData/Roaming/TinyTeX/texmf-dist/tex/latex/fontspec/fontspec.s
ty
Package: fontspec 2020/02/21 v2.7i Font selection for XeLaTeX and LuaLaTeX

(c:/Users/yura/AppData/Roaming/TinyTeX/texmf-dist/tex/latex/fontspec/fontspec-x
etex.sty
Package: fontspec-xetex 2020/02/21 v2.7i Font selection for XeLaTeX and LuaLaTe
X
\l__fontspec_script_int=\count269
\l__fontspec_language_int=\count270
\l__fontspec_strnum_int=\count271
\l__fontspec_tmp_int=\count272
\l__fontspec_tmpa_int=\count273
\l__fontspec_tmpb_int=\count274
\l__fontspec_tmpc_int=\count275
\l__fontspec_em_int=\count276
\l__fontspec_emdef_int=\count277
\l__fontspec_strong_int=\count278
\l__fontspec_strongdef_int=\count279
\l__fontspec_tmpa_dim=\dimen148
\l__fontspec_tmpb_dim=\dimen149
\l__fontspec_tmpc_dim=\dimen150
(c:/Users/yura/AppData/Roaming/TinyTeX/texmf-dist/tex/latex/base/fontenc.sty
Package: fontenc 2020/08/10 v2.0s Standard LaTeX package
)
(c:/Users/yura/AppData/Roaming/TinyTeX/texmf-dist/tex/latex/fontspec/fontspec.c
fg))) (c:/Users/yura/AppData/Roaming/TinyTeX/texmf-dist/tex/latex/base/fix-cm.s
ty
Package: fix-cm 2015/01/14 v1.1t fixes to LaTeX
(c:/Users/yura/AppData/Roaming/TinyTeX/texmf-dist/tex/latex/base/ts1enc.def
File: ts1enc.def 2001/06/05 v3.0e (jk/car/fm) Standard LaTeX file
LaTeX Font Info:    Redeclaring font encoding TS1 on input line 47.
))
\g__um_fam_int=\count280
\g__um_fonts_used_int=\count281
\l__um_primecount_int=\count282
\g__um_primekern_muskip=\muskip17

(c:/Users/yura/AppData/Roaming/TinyTeX/texmf-dist/tex/latex/unicode-math/unicod
e-math-table.tex))) (c:/Users/yura/AppData/Roaming/TinyTeX/texmf-dist/tex/latex
/xcolor/xcolor.sty
Package: xcolor 2016/05/11 v2.12 LaTeX color extensions (UK)

(c:/Users/yura/AppData/Roaming/TinyTeX/texmf-dist/tex/latex/graphics-cfg/color.
cfg
File: color.cfg 2016/01/02 v1.6 sample color configuration
)
Package xcolor Info: Driver file: xetex.def on input line 225.

(c:/Users/yura/AppData/Roaming/TinyTeX/texmf-dist/tex/latex/graphics-def/xetex.
def
File: xetex.def 2020/08/26 v5.0i Graphics/color driver for xetex
)
Package xcolor Info: Model `cmy' substituted by `cmy0' on input line 1348.
Package xcolor Info: Model `RGB' extended on input line 1364.
Package xcolor Info: Model `HTML' substituted by `rgb' on input line 1366.
Package xcolor Info: Model `Hsb' substituted by `hsb' on input line 1367.
Package xcolor Info: Model `tHsb' substituted by `hsb' on input line 1368.
Package xcolor Info: Model `HSB' substituted by `hsb' on input line 1369.
Package xcolor Info: Model `Gray' substituted by `gray' on input line 1370.
Package xcolor Info: Model `wave' substituted by `hsb' on input line 1371.
)
(c:/Users/yura/AppData/Roaming/TinyTeX/texmf-dist/tex/latex/hyperref/hyperref.s
ty
Package: hyperref 2021-02-10 v7.00j Hypertext links for LaTeX

(c:/Users/yura/AppData/Roaming/TinyTeX/texmf-dist/tex/generic/ltxcmds/ltxcmds.s
ty
Package: ltxcmds 2020-05-10 v1.25 LaTeX kernel commands for general use (HO)
)
(c:/Users/yura/AppData/Roaming/TinyTeX/texmf-dist/tex/generic/pdftexcmds/pdftex
cmds.sty
Package: pdftexcmds 2020-06-27 v0.33 Utility functions of pdfTeX for LuaTeX (HO
)

(c:/Users/yura/AppData/Roaming/TinyTeX/texmf-dist/tex/generic/infwarerr/infware
rr.sty
Package: infwarerr 2019/12/03 v1.5 Providing info/warning/error messages (HO)
)
Package pdftexcmds Info: \pdf@primitive is available.
Package pdftexcmds Info: \pdf@ifprimitive is available.
Package pdftexcmds Info: \pdfdraftmode not found.
)
(c:/Users/yura/AppData/Roaming/TinyTeX/texmf-dist/tex/latex/graphics/keyval.sty
Package: keyval 2014/10/28 v1.15 key=value parser (DPC)
\KV@toks@=\toks21
)
(c:/Users/yura/AppData/Roaming/TinyTeX/texmf-dist/tex/generic/kvsetkeys/kvsetke
ys.sty
Package: kvsetkeys 2019/12/15 v1.18 Key value parser (HO)
)
(c:/Users/yura/AppData/Roaming/TinyTeX/texmf-dist/tex/generic/kvdefinekeys/kvde
finekeys.sty
Package: kvdefinekeys 2019-12-19 v1.6 Define keys (HO)
)
(c:/Users/yura/AppData/Roaming/TinyTeX/texmf-dist/tex/generic/pdfescape/pdfesca
pe.sty
Package: pdfescape 2019/12/09 v1.15 Implements pdfTeX's escape features (HO)
)
(c:/Users/yura/AppData/Roaming/TinyTeX/texmf-dist/tex/latex/hycolor/hycolor.sty
Package: hycolor 2020-01-27 v1.10 Color options for hyperref/bookmark (HO)
)
(c:/Users/yura/AppData/Roaming/TinyTeX/texmf-dist/tex/latex/letltxmacro/letltxm
acro.sty
Package: letltxmacro 2019/12/03 v1.6 Let assignment for LaTeX macros (HO)
)
(c:/Users/yura/AppData/Roaming/TinyTeX/texmf-dist/tex/latex/auxhook/auxhook.sty
Package: auxhook 2019-12-17 v1.6 Hooks for auxiliary files (HO)
)
(c:/Users/yura/AppData/Roaming/TinyTeX/texmf-dist/tex/latex/kvoptions/kvoptions
.sty
Package: kvoptions 2020-10-07 v3.14 Key value format for package options (HO)
)
\@linkdim=\dimen151
\Hy@linkcounter=\count283
\Hy@pagecounter=\count284

(c:/Users/yura/AppData/Roaming/TinyTeX/texmf-dist/tex/latex/hyperref/pd1enc.def
File: pd1enc.def 2021-02-10 v7.00j Hyperref: PDFDocEncoding definition (HO)
)
(c:/Users/yura/AppData/Roaming/TinyTeX/texmf-dist/tex/latex/hyperref/hyperref-l
angpatches.def
File: hyperref-langpatches.def 2021-02-10 v7.00j Hyperref: patches for babel la
nguages
)
(c:/Users/yura/AppData/Roaming/TinyTeX/texmf-dist/tex/generic/intcalc/intcalc.s
ty
Package: intcalc 2019/12/15 v1.3 Expandable calculations with integers (HO)
)
(c:/Users/yura/AppData/Roaming/TinyTeX/texmf-dist/tex/generic/etexcmds/etexcmds
.sty
Package: etexcmds 2019/12/15 v1.7 Avoid name clashes with e-TeX commands (HO)
)
\Hy@SavedSpaceFactor=\count285
(c:/Users/yura/AppData/Roaming/TinyTeX/texmf-dist/tex/latex/hyperref/puenc.def
File: puenc.def 2021-02-10 v7.00j Hyperref: PDF Unicode definition (HO)
)
Package hyperref Info: Option `unicode' set `true' on input line 4073.
Package hyperref Info: Hyper figures OFF on input line 4192.
Package hyperref Info: Link nesting OFF on input line 4197.
Package hyperref Info: Hyper index ON on input line 4200.
Package hyperref Info: Plain pages OFF on input line 4207.
Package hyperref Info: Backreferencing OFF on input line 4212.
Package hyperref Info: Implicit mode ON; LaTeX internals redefined.
Package hyperref Info: Bookmarks ON on input line 4445.
\c@Hy@tempcnt=\count286
(c:/Users/yura/AppData/Roaming/TinyTeX/texmf-dist/tex/latex/url/url.sty
\Urlmuskip=\muskip18
Package: url 2013/09/16  ver 3.4  Verb mode for urls, etc.
)
LaTeX Info: Redefining \url on input line 4804.
\XeTeXLinkMargin=\dimen152

(c:/Users/yura/AppData/Roaming/TinyTeX/texmf-dist/tex/generic/bitset/bitset.sty
Package: bitset 2019/12/09 v1.3 Handle bit-vector datatype (HO)

(c:/Users/yura/AppData/Roaming/TinyTeX/texmf-dist/tex/generic/bigintcalc/bigint
calc.sty
Package: bigintcalc 2019/12/15 v1.5 Expandable calculations on big integers (HO
)
))
\Fld@menulength=\count287
\Field@Width=\dimen153
\Fld@charsize=\dimen154
Package hyperref Info: Hyper figures OFF on input line 6075.
Package hyperref Info: Link nesting OFF on input line 6080.
Package hyperref Info: Hyper index ON on input line 6083.
Package hyperref Info: backreferencing OFF on input line 6090.
Package hyperref Info: Link coloring OFF on input line 6095.
Package hyperref Info: Link coloring with OCG OFF on input line 6100.
Package hyperref Info: PDF/A mode OFF on input line 6105.
LaTeX Info: Redefining \ref on input line 6145.
LaTeX Info: Redefining \pageref on input line 6149.

(c:/Users/yura/AppData/Roaming/TinyTeX/texmf-dist/tex/latex/base/atbegshi-ltx.s
ty
Package: atbegshi-ltx 2020/08/17 v1.0a Emulation of the original atbegshi packa
ge
with kernel methods
)
\Hy@abspage=\count288
\c@Item=\count289
\c@Hfootnote=\count290
)
Package hyperref Info: Driver (autodetected): hxetex.

(c:/Users/yura/AppData/Roaming/TinyTeX/texmf-dist/tex/latex/hyperref/hxetex.def
File: hxetex.def 2021-02-10 v7.00j Hyperref driver for XeTeX

(c:/Users/yura/AppData/Roaming/TinyTeX/texmf-dist/tex/generic/stringenc/stringe
nc.sty
Package: stringenc 2019/11/29 v1.12 Convert strings between diff. encodings (HO
)
)
\pdfm@box=\box50
\c@Hy@AnnotLevel=\count291
\HyField@AnnotCount=\count292
\Fld@listcount=\count293
\c@bookmark@seq@number=\count294

(c:/Users/yura/AppData/Roaming/TinyTeX/texmf-dist/tex/latex/rerunfilecheck/reru
nfilecheck.sty
Package: rerunfilecheck 2019/12/05 v1.9 Rerun checks for auxiliary files (HO)

(c:/Users/yura/AppData/Roaming/TinyTeX/texmf-dist/tex/latex/base/atveryend-ltx.
sty
Package: atveryend-ltx 2020/08/19 v1.0a Emulation of the original atvery packag
e
with kernel methods
)
(c:/Users/yura/AppData/Roaming/TinyTeX/texmf-dist/tex/generic/uniquecounter/uni
quecounter.sty
Package: uniquecounter 2019/12/15 v1.4 Provide unlimited unique counter (HO)
)
Package uniquecounter Info: New unique counter `rerunfilecheck' on input line 2
86.
)
\Hy@SectionHShift=\skip52
)
(c:/Users/yura/AppData/Roaming/TinyTeX/texmf-dist/tex/latex/fancyvrb/fancyvrb.s
ty
Package: fancyvrb 2021/01/20 v3.7 verbatim text (tvz,hv)
\FV@CodeLineNo=\count295
\FV@InFile=\read2
\FV@TabBox=\box51
\c@FancyVerbLine=\count296
\FV@StepNumber=\count297
\FV@OutFile=\write3
) (c:/Users/yura/AppData/Roaming/TinyTeX/texmf-dist/tex/latex/framed/framed.sty
Package: framed 2011/10/22 v 0.96: framed or shaded text with page breaks
\OuterFrameSep=\skip53
\fb@frw=\dimen155
\fb@frh=\dimen156
\FrameRule=\dimen157
\FrameSep=\dimen158
)
(c:/Users/yura/AppData/Roaming/TinyTeX/texmf-dist/tex/latex/tools/longtable.sty
Package: longtable 2020/01/07 v4.13 Multi-page Table package (DPC)
\LTleft=\skip54
\LTright=\skip55
\LTpre=\skip56
\LTpost=\skip57
\LTchunksize=\count298
\LTcapwidth=\dimen159
\LT@head=\box52
\LT@firsthead=\box53
\LT@foot=\box54
\LT@lastfoot=\box55
\LT@cols=\count299
\LT@rows=\count300
\c@LT@tables=\count301
\c@LT@chunks=\count302
\LT@p@ftn=\toks22
)
(c:/Users/yura/AppData/Roaming/TinyTeX/texmf-dist/tex/latex/booktabs/booktabs.s
ty
Package: booktabs 2020/01/12 v1.61803398 Publication quality tables
\heavyrulewidth=\dimen160
\lightrulewidth=\dimen161
\cmidrulewidth=\dimen162
\belowrulesep=\dimen163
\belowbottomsep=\dimen164
\aboverulesep=\dimen165
\abovetopsep=\dimen166
\cmidrulesep=\dimen167
\cmidrulekern=\dimen168
\defaultaddspace=\dimen169
\@cmidla=\count303
\@cmidlb=\count304
\@aboverulesep=\dimen170
\@belowrulesep=\dimen171
\@thisruleclass=\count305
\@lastruleclass=\count306
\@thisrulewidth=\dimen172
)
(c:/Users/yura/AppData/Roaming/TinyTeX/texmf-dist/tex/latex/etoolbox/etoolbox.s
ty
Package: etoolbox 2020/10/05 v2.5k e-TeX tools for LaTeX (JAW)
\etb@tempcnta=\count307
)
(c:/Users/yura/AppData/Roaming/TinyTeX/texmf-dist/tex/latex/mdwtools/footnote.s
ty
Package: footnote 1997/01/28 1.13 Save footnotes around boxes
\fn@notes=\box56
\fn@width=\dimen173
)
(c:/Users/yura/AppData/Roaming/TinyTeX/texmf-dist/tex/latex/graphics/graphicx.s
ty
Package: graphicx 2020/09/09 v1.2b Enhanced LaTeX Graphics (DPC,SPQR)

(c:/Users/yura/AppData/Roaming/TinyTeX/texmf-dist/tex/latex/graphics/graphics.s
ty
Package: graphics 2020/08/30 v1.4c Standard LaTeX Graphics (DPC,SPQR)
(c:/Users/yura/AppData/Roaming/TinyTeX/texmf-dist/tex/latex/graphics/trig.sty
Package: trig 2016/01/03 v1.10 sin cos tan (DPC)
)
(c:/Users/yura/AppData/Roaming/TinyTeX/texmf-dist/tex/latex/graphics-cfg/graphi
cs.cfg
File: graphics.cfg 2016/06/04 v1.11 sample graphics configuration
)
Package graphics Info: Driver file: xetex.def on input line 105.
)
\Gin@req@height=\dimen174
\Gin@req@width=\dimen175
)

Package fontspec Info: Arial scale = 0.8311533923217035.


Package fontspec Info: Arial scale = 0.8311533923217035.


Package fontspec Info: Arial scale = 0.8311533923217035.


Package fontspec Info: Arial/B scale = 0.8311533923217035.


Package fontspec Info: Arial/B scale = 0.8311533923217035.


Package fontspec Info: Arial/I scale = 0.8311533923217035.


Package fontspec Info: Arial/I scale = 0.8311533923217035.


Package fontspec Info: Arial/BI scale = 0.8311533923217035.


Package fontspec Info: Arial/BI scale = 0.8311533923217035.


Package fontspec Info: Font family 'Arial(0)' created for font 'Arial' with
(fontspec)             options [Scale=MatchLowercase,Ligatures=TeX,Scale=1].
(fontspec)              
(fontspec)              This font family consists of the following NFSS
(fontspec)             series/shapes:
(fontspec)              
(fontspec)             - 'normal' (m/n) with NFSS spec.:
(fontspec)             <->s*[1]"Arial/OT:script=latn;language=dflt;mapping=tex-
text;"
(fontspec)             - 'small caps'  (m/sc) with NFSS spec.:
(fontspec)             <->s*[1]"Arial/OT:script=latn;language=dflt;+smcp;mappin
g=tex-text;"
(fontspec)             - 'bold' (b/n) with NFSS spec.:
(fontspec)             <->s*[1]"Arial/B/OT:script=latn;language=dflt;mapping=te
x-text;"
(fontspec)             - 'bold small caps'  (b/sc) with NFSS spec.:
(fontspec)             <->s*[1]"Arial/B/OT:script=latn;language=dflt;+smcp;mapp
ing=tex-text;"
(fontspec)             - 'italic' (m/it) with NFSS spec.:
(fontspec)             <->s*[1]"Arial/I/OT:script=latn;language=dflt;mapping=te
x-text;"
(fontspec)             - 'italic small caps'  (m/scit) with NFSS spec.:
(fontspec)             <->s*[1]"Arial/I/OT:script=latn;language=dflt;+smcp;mapp
ing=tex-text;"
(fontspec)             - 'bold italic' (b/it) with NFSS spec.:
(fontspec)             <->s*[1]"Arial/BI/OT:script=latn;language=dflt;mapping=t
ex-text;"
(fontspec)             - 'bold italic small caps'  (b/scit) with NFSS spec.:
(fontspec)             <->s*[1]"Arial/BI/OT:script=latn;language=dflt;+smcp;map
ping=tex-text;"

LaTeX Font Info:    Font shape `TU/Arial(0)/m/n' will be
(Font)              scaled to size 10.0pt on input line 113.

Package fontspec Info: Arial scale = 0.9999970574474535.


Package fontspec Info: Arial scale = 0.9999970574474535.


Package fontspec Info: Arial scale = 0.9999970574474535.


Package fontspec Info: Arial/B scale = 0.9999970574474535.


Package fontspec Info: Arial/B scale = 0.9999970574474535.


Package fontspec Info: Arial/I scale = 0.9999970574474535.


Package fontspec Info: Arial/I scale = 0.9999970574474535.


Package fontspec Info: Arial/BI scale = 0.9999970574474535.


Package fontspec Info: Arial/BI scale = 0.9999970574474535.


Package fontspec Info: Font family 'Arial(1)' created for font 'Arial' with
(fontspec)             options [Scale=MatchLowercase].
(fontspec)              
(fontspec)              This font family consists of the following NFSS
(fontspec)             series/shapes:
(fontspec)              
(fontspec)             - 'normal' (m/n) with NFSS spec.:
(fontspec)             <->s*[0.9999970574474535]"Arial/OT:script=latn;language=
dflt;"
(fontspec)             - 'small caps'  (m/sc) with NFSS spec.:
(fontspec)             <->s*[0.9999970574474535]"Arial/OT:script=latn;language=
dflt;+smcp;"
(fontspec)             - 'bold' (b/n) with NFSS spec.:
(fontspec)             <->s*[0.9999970574474535]"Arial/B/OT:script=latn;languag
e=dflt;"
(fontspec)             - 'bold small caps'  (b/sc) with NFSS spec.:
(fontspec)             <->s*[0.9999970574474535]"Arial/B/OT:script=latn;languag
e=dflt;+smcp;"
(fontspec)             - 'italic' (m/it) with NFSS spec.:
(fontspec)             <->s*[0.9999970574474535]"Arial/I/OT:script=latn;languag
e=dflt;"
(fontspec)             - 'italic small caps'  (m/scit) with NFSS spec.:
(fontspec)             <->s*[0.9999970574474535]"Arial/I/OT:script=latn;languag
e=dflt;+smcp;"
(fontspec)             - 'bold italic' (b/it) with NFSS spec.:
(fontspec)             <->s*[0.9999970574474535]"Arial/BI/OT:script=latn;langua
ge=dflt;"
(fontspec)             - 'bold italic small caps'  (b/scit) with NFSS spec.:
(fontspec)             <->s*[0.9999970574474535]"Arial/BI/OT:script=latn;langua
ge=dflt;+smcp;"

LaTeX Font Info:    Overwriting math alphabet `\mathrm' in version `normal'
(Font)                  OT1/lmr/m/n --> TU/Arial(1)/m/n on input line 113.
LaTeX Font Info:    Overwriting math alphabet `\mathit' in version `normal'
(Font)                  OT1/lmr/m/it --> TU/Arial(1)/m/it on input line 113.
LaTeX Font Info:    Overwriting math alphabet `\mathbf' in version `normal'
(Font)                  OT1/lmr/bx/n --> TU/Arial(1)/b/n on input line 113.
(c:/Users/yura/AppData/Roaming/TinyTeX/texmf-dist/tex/latex/natbib/natbib.sty
Package: natbib 2010/09/13 8.31b (PWD, AO)
\bibhang=\skip58
\bibsep=\skip59
LaTeX Info: Redefining \cite on input line 694.
\c@NAT@ctr=\count308
) (./r-intro.aux)
\openout1 = `r-intro.aux'.

LaTeX Font Info:    Checking defaults for OML/cmm/m/it on input line 123.
LaTeX Font Info:    ... okay on input line 123.
LaTeX Font Info:    Checking defaults for OMS/cmsy/m/n on input line 123.
LaTeX Font Info:    ... okay on input line 123.
LaTeX Font Info:    Checking defaults for OT1/cmr/m/n on input line 123.
LaTeX Font Info:    ... okay on input line 123.
LaTeX Font Info:    Checking defaults for T1/cmr/m/n on input line 123.
LaTeX Font Info:    ... okay on input line 123.
LaTeX Font Info:    Checking defaults for TS1/cmr/m/n on input line 123.
LaTeX Font Info:    ... okay on input line 123.
LaTeX Font Info:    Checking defaults for TU/lmr/m/n on input line 123.
LaTeX Font Info:    ... okay on input line 123.
LaTeX Font Info:    Checking defaults for OMX/cmex/m/n on input line 123.
LaTeX Font Info:    ... okay on input line 123.
LaTeX Font Info:    Checking defaults for U/cmr/m/n on input line 123.
LaTeX Font Info:    ... okay on input line 123.
LaTeX Font Info:    Checking defaults for PD1/pdf/m/n on input line 123.
LaTeX Font Info:    ... okay on input line 123.
LaTeX Font Info:    Checking defaults for PU/pdf/m/n on input line 123.
LaTeX Font Info:    ... okay on input line 123.
LaTeX Font Info:    Overwriting math alphabet `\mathsf' in version `normal'
(Font)                  OT1/lmss/m/n --> TU/lmss/m/n on input line 123.
LaTeX Font Info:    Overwriting math alphabet `\mathsf' in version `bold'
(Font)                  OT1/lmss/bx/n --> TU/lmss/b/n on input line 123.
LaTeX Font Info:    Overwriting math alphabet `\mathtt' in version `normal'
(Font)                  OT1/lmtt/m/n --> TU/lmtt/m/n on input line 123.
LaTeX Font Info:    Overwriting math alphabet `\mathtt' in version `bold'
(Font)                  OT1/lmtt/m/n --> TU/lmtt/b/n on input line 123.

Package fontspec Info: latinmodern-math scale = 1.203139548468638.


Package fontspec Info: latinmodern-math scale = 1.203139548468638.


Package fontspec Info: latinmodern-math scale = 1.203139548468638.


Package fontspec Info: Font family 'latinmodern-math.otf(0)' created for font
(fontspec)             'latinmodern-math.otf' with options
(fontspec)             [Scale=MatchLowercase,BoldItalicFont={},ItalicFont={},Sm
allCapsFont={},Script=Math,BoldFont={latinmodern-math.otf}].
(fontspec)              
(fontspec)              This font family consists of the following NFSS
(fontspec)             series/shapes:
(fontspec)              
(fontspec)             - 'normal' (m/n) with NFSS spec.:
(fontspec)             <->s*[1.203139548468638]"[latinmodern-math.otf]/OT:scrip
t=math;language=dflt;"
(fontspec)             - 'small caps'  (m/sc) with NFSS spec.: 
(fontspec)             - 'bold' (b/n) with NFSS spec.:
(fontspec)             <->s*[1.203139548468638]"[latinmodern-math.otf]/OT:scrip
t=math;language=dflt;"
(fontspec)             - 'bold small caps'  (b/sc) with NFSS spec.: 

LaTeX Font Info:    Font shape `TU/latinmodern-math.otf(0)/m/n' will be
(Font)              scaled to size 12.0314pt on input line 123.

Package fontspec Info: latinmodern-math scale = 1.203139548468638.


Package fontspec Info: latinmodern-math scale = 1.203139548468638.


Package fontspec Info: latinmodern-math scale = 1.203139548468638.


Package fontspec Info: latinmodern-math scale = 1.203139548468638.


Package fontspec Info: latinmodern-math scale = 1.203139548468638.


Package fontspec Info: Font family 'latinmodern-math.otf(1)' created for font
(fontspec)             'latinmodern-math.otf' with options
(fontspec)             [Scale=MatchLowercase,BoldItalicFont={},ItalicFont={},Sm
allCapsFont={},Script=Math,SizeFeatures={{Size=8.5-},{Size=6-8.5,Font=latinmode
rn-math.otf,Style=MathScript},{Size=-6,Font=latinmodern-math.otf,Style=MathScri
ptScript}},BoldFont={latinmodern-math.otf}].
(fontspec)              
(fontspec)              This font family consists of the following NFSS
(fontspec)             series/shapes:
(fontspec)              
(fontspec)             - 'normal' (m/n) with NFSS spec.:
(fontspec)             <8.5->s*[1.203139548468638]"[latinmodern-math.otf]/OT:sc
ript=math;language=dflt;"<6-8.5>s*[1.203139548468638]"[latinmodern-math.otf]/OT
:script=math;language=dflt;+ssty=0;"<-6>s*[1.203139548468638]"[latinmodern-math
.otf]/OT:script=math;language=dflt;+ssty=1;"
(fontspec)             - 'small caps'  (m/sc) with NFSS spec.: 
(fontspec)             - 'bold' (b/n) with NFSS spec.:
(fontspec)             <->s*[1.203139548468638]"[latinmodern-math.otf]/OT:scrip
t=math;language=dflt;"
(fontspec)             - 'bold small caps'  (b/sc) with NFSS spec.: 

LaTeX Font Info:    Font shape `TU/latinmodern-math.otf(1)/m/n' will be
(Font)              scaled to size 12.0314pt on input line 123.
LaTeX Font Info:    Encoding `OT1' has changed to `TU' for symbol font
(Font)              `operators' in the math version `normal' on input line 123.

LaTeX Font Info:    Overwriting symbol font `operators' in version `normal'
(Font)                  OT1/lmr/m/n --> TU/latinmodern-math.otf(1)/m/n on input
 line 123.
LaTeX Font Info:    Encoding `OT1' has changed to `TU' for symbol font
(Font)              `operators' in the math version `bold' on input line 123.
LaTeX Font Info:    Overwriting symbol font `operators' in version `bold'
(Font)                  OT1/lmr/bx/n --> TU/latinmodern-math.otf(1)/b/n on inpu
t line 123.

Package fontspec Info: latinmodern-math scale = 1.203139548468638.


Package fontspec Info: latinmodern-math scale = 1.203259862423485.


Package fontspec Info: latinmodern-math scale = 1.203139548468638.


Package fontspec Info: latinmodern-math scale = 1.203259862423485.


Package fontspec Info: latinmodern-math scale = 1.203139548468638.


Package fontspec Info: latinmodern-math scale = 1.203259862423485.


Package fontspec Info: latinmodern-math scale = 1.203139548468638.


Package fontspec Info: latinmodern-math scale = 1.203259862423485.


Package fontspec Info: latinmodern-math scale = 1.203139548468638.


Package fontspec Info: latinmodern-math scale = 1.203259862423485.


Package fontspec Info: Font family 'latinmodern-math.otf(2)' created for font
(fontspec)             'latinmodern-math.otf' with options
(fontspec)             [Scale=MatchLowercase,BoldItalicFont={},ItalicFont={},Sm
allCapsFont={},Script=Math,SizeFeatures={{Size=8.5-},{Size=6-8.5,Font=latinmode
rn-math.otf,Style=MathScript},{Size=-6,Font=latinmodern-math.otf,Style=MathScri
ptScript}},BoldFont={latinmodern-math.otf},ScaleAgain=1.0001,FontAdjustment={\f
ontdimen
(fontspec)             8\font =8.14526pt\relax \fontdimen 9\font
(fontspec)             =4.74037pt\relax \fontdimen 10\font =5.34195pt\relax
(fontspec)             \fontdimen 11\font =8.25354pt\relax \fontdimen 12\font
(fontspec)             =4.15083pt\relax \fontdimen 13\font =4.3674pt\relax
(fontspec)             \fontdimen 14\font =4.3674pt\relax \fontdimen 15\font
(fontspec)             =3.47708pt\relax \fontdimen 16\font =2.97176pt\relax
(fontspec)             \fontdimen 17\font =2.97176pt\relax \fontdimen 18\font
(fontspec)             =3.00786pt\relax \fontdimen 19\font =2.40628pt\relax
(fontspec)             \fontdimen 22\font =3.00786pt\relax \fontdimen 20\font
(fontspec)             =0pt\relax \fontdimen 21\font =0pt\relax }].
(fontspec)              
(fontspec)              This font family consists of the following NFSS
(fontspec)             series/shapes:
(fontspec)              
(fontspec)             - 'normal' (m/n) with NFSS spec.:
(fontspec)             <8.5->s*[1.203259862423485]"[latinmodern-math.otf]/OT:sc
ript=math;language=dflt;"<6-8.5>s*[1.203259862423485]"[latinmodern-math.otf]/OT
:script=math;language=dflt;+ssty=0;"<-6>s*[1.203259862423485]"[latinmodern-math
.otf]/OT:script=math;language=dflt;+ssty=1;"
(fontspec)             - 'small caps'  (m/sc) with NFSS spec.: 
(fontspec)             and font adjustment code:
(fontspec)             \fontdimen 8\font =8.14526pt\relax \fontdimen 9\font
(fontspec)             =4.74037pt\relax \fontdimen 10\font =5.34195pt\relax
(fontspec)             \fontdimen 11\font =8.25354pt\relax \fontdimen 12\font
(fontspec)             =4.15083pt\relax \fontdimen 13\font =4.3674pt\relax
(fontspec)             \fontdimen 14\font =4.3674pt\relax \fontdimen 15\font
(fontspec)             =3.47708pt\relax \fontdimen 16\font =2.97176pt\relax
(fontspec)             \fontdimen 17\font =2.97176pt\relax \fontdimen 18\font
(fontspec)             =3.00786pt\relax \fontdimen 19\font =2.40628pt\relax
(fontspec)             \fontdimen 22\font =3.00786pt\relax \fontdimen 20\font
(fontspec)             =0pt\relax \fontdimen 21\font =0pt\relax 
(fontspec)             - 'bold' (b/n) with NFSS spec.:
(fontspec)             <->s*[1.203259862423485]"[latinmodern-math.otf]/OT:scrip
t=math;language=dflt;"
(fontspec)             - 'bold small caps'  (b/sc) with NFSS spec.: 
(fontspec)             and font adjustment code:
(fontspec)             \fontdimen 8\font =8.14526pt\relax \fontdimen 9\font
(fontspec)             =4.74037pt\relax \fontdimen 10\font =5.34195pt\relax
(fontspec)             \fontdimen 11\font =8.25354pt\relax \fontdimen 12\font
(fontspec)             =4.15083pt\relax \fontdimen 13\font =4.3674pt\relax
(fontspec)             \fontdimen 14\font =4.3674pt\relax \fontdimen 15\font
(fontspec)             =3.47708pt\relax \fontdimen 16\font =2.97176pt\relax
(fontspec)             \fontdimen 17\font =2.97176pt\relax \fontdimen 18\font
(fontspec)             =3.00786pt\relax \fontdimen 19\font =2.40628pt\relax
(fontspec)             \fontdimen 22\font =3.00786pt\relax \fontdimen 20\font
(fontspec)             =0pt\relax \fontdimen 21\font =0pt\relax 

LaTeX Font Info:    Encoding `OMS' has changed to `TU' for symbol font
(Font)              `symbols' in the math version `normal' on input line 123.
LaTeX Font Info:    Overwriting symbol font `symbols' in version `normal'
(Font)                  OMS/lmsy/m/n --> TU/latinmodern-math.otf(2)/m/n on inpu
t line 123.
LaTeX Font Info:    Encoding `OMS' has changed to `TU' for symbol font
(Font)              `symbols' in the math version `bold' on input line 123.
LaTeX Font Info:    Overwriting symbol font `symbols' in version `bold'
(Font)                  OMS/lmsy/b/n --> TU/latinmodern-math.otf(2)/b/n on inpu
t line 123.

Package fontspec Info: latinmodern-math scale = 1.203139548468638.


Package fontspec Info: latinmodern-math scale = 1.203019234513791.


Package fontspec Info: latinmodern-math scale = 1.203139548468638.


Package fontspec Info: latinmodern-math scale = 1.203019234513791.


Package fontspec Info: latinmodern-math scale = 1.203139548468638.


Package fontspec Info: latinmodern-math scale = 1.203019234513791.


Package fontspec Info: latinmodern-math scale = 1.203139548468638.


Package fontspec Info: latinmodern-math scale = 1.203019234513791.


Package fontspec Info: latinmodern-math scale = 1.203139548468638.


Package fontspec Info: latinmodern-math scale = 1.203019234513791.


Package fontspec Info: Font family 'latinmodern-math.otf(3)' created for font
(fontspec)             'latinmodern-math.otf' with options
(fontspec)             [Scale=MatchLowercase,BoldItalicFont={},ItalicFont={},Sm
allCapsFont={},Script=Math,SizeFeatures={{Size=8.5-},{Size=6-8.5,Font=latinmode
rn-math.otf,Style=MathScript},{Size=-6,Font=latinmodern-math.otf,Style=MathScri
ptScript}},BoldFont={latinmodern-math.otf},ScaleAgain=0.9999,FontAdjustment={\f
ontdimen
(fontspec)             8\font =0.48126pt\relax \fontdimen 9\font
(fontspec)             =2.40628pt\relax \fontdimen 10\font =2.00925pt\relax
(fontspec)             \fontdimen 11\font =1.33548pt\relax \fontdimen 12\font
(fontspec)             =7.21884pt\relax \fontdimen 13\font =0pt\relax }].
(fontspec)              
(fontspec)              This font family consists of the following NFSS
(fontspec)             series/shapes:
(fontspec)              
(fontspec)             - 'normal' (m/n) with NFSS spec.:
(fontspec)             <8.5->s*[1.203019234513791]"[latinmodern-math.otf]/OT:sc
ript=math;language=dflt;"<6-8.5>s*[1.203019234513791]"[latinmodern-math.otf]/OT
:script=math;language=dflt;+ssty=0;"<-6>s*[1.203019234513791]"[latinmodern-math
.otf]/OT:script=math;language=dflt;+ssty=1;"
(fontspec)             - 'small caps'  (m/sc) with NFSS spec.: 
(fontspec)             and font adjustment code:
(fontspec)             \fontdimen 8\font =0.48126pt\relax \fontdimen 9\font
(fontspec)             =2.40628pt\relax \fontdimen 10\font =2.00925pt\relax
(fontspec)             \fontdimen 11\font =1.33548pt\relax \fontdimen 12\font
(fontspec)             =7.21884pt\relax \fontdimen 13\font =0pt\relax 
(fontspec)             - 'bold' (b/n) with NFSS spec.:
(fontspec)             <->s*[1.203019234513791]"[latinmodern-math.otf]/OT:scrip
t=math;language=dflt;"
(fontspec)             - 'bold small caps'  (b/sc) with NFSS spec.: 
(fontspec)             and font adjustment code:
(fontspec)             \fontdimen 8\font =0.48126pt\relax \fontdimen 9\font
(fontspec)             =2.40628pt\relax \fontdimen 10\font =2.00925pt\relax
(fontspec)             \fontdimen 11\font =1.33548pt\relax \fontdimen 12\font
(fontspec)             =7.21884pt\relax \fontdimen 13\font =0pt\relax 

LaTeX Font Info:    Encoding `OMX' has changed to `TU' for symbol font
(Font)              `largesymbols' in the math version `normal' on input line 1
23.
LaTeX Font Info:    Overwriting symbol font `largesymbols' in version `normal'
(Font)                  OMX/lmex/m/n --> TU/latinmodern-math.otf(3)/m/n on inpu
t line 123.
LaTeX Font Info:    Encoding `OMX' has changed to `TU' for symbol font
(Font)              `largesymbols' in the math version `bold' on input line 123
.
LaTeX Font Info:    Overwriting symbol font `largesymbols' in version `bold'
(Font)                  OMX/lmex/m/n --> TU/latinmodern-math.otf(3)/b/n on inpu
t line 123.
Package hyperref Info: Link coloring OFF on input line 123.

(c:/Users/yura/AppData/Roaming/TinyTeX/texmf-dist/tex/latex/hyperref/nameref.st
y
Package: nameref 2021-04-02 v2.47 Cross-referencing by name of section

(c:/Users/yura/AppData/Roaming/TinyTeX/texmf-dist/tex/latex/refcount/refcount.s
ty
Package: refcount 2019/12/15 v3.6 Data extraction from label references (HO)
)
(c:/Users/yura/AppData/Roaming/TinyTeX/texmf-dist/tex/generic/gettitlestring/ge
ttitlestring.sty
Package: gettitlestring 2019/12/15 v1.6 Cleanup title references (HO)
)
\c@section@level=\count309
)
LaTeX Info: Redefining \ref on input line 123.
LaTeX Info: Redefining \pageref on input line 123.
LaTeX Info: Redefining \nameref on input line 123.
(./r-intro.out) (./r-intro.out)
\@outlinefile=\write4
\openout4 = `r-intro.out'.

LaTeX Font Info:    Font shape `TU/Arial(0)/m/n' will be
(Font)              scaled to size 17.28pt on input line 125.
LaTeX Font Info:    Font shape `TU/Arial(0)/m/n' will be
(Font)              scaled to size 12.0pt on input line 125.
LaTeX Font Info:    Font shape `TU/latinmodern-math.otf(1)/m/n' will be
(Font)              scaled to size 14.43768pt on input line 125.
LaTeX Font Info:    Font shape `TU/latinmodern-math.otf(1)/m/n' will be
(Font)              scaled to size 9.62512pt on input line 125.
LaTeX Font Info:    Font shape `TU/latinmodern-math.otf(1)/m/n' will be
(Font)              scaled to size 7.21884pt on input line 125.
LaTeX Font Info:    Trying to load font information for OML+lmm on input line 1
25.
(c:/Users/yura/AppData/Roaming/TinyTeX/texmf-dist/tex/latex/lm/omllmm.fd
File: omllmm.fd 2009/10/30 v1.6 Font defs for Latin Modern
)
LaTeX Font Info:    Font shape `TU/latinmodern-math.otf(2)/m/n' will be
(Font)              scaled to size 14.43915pt on input line 125.
LaTeX Font Info:    Font shape `TU/latinmodern-math.otf(2)/m/n' will be
(Font)              scaled to size 9.6261pt on input line 125.
LaTeX Font Info:    Font shape `TU/latinmodern-math.otf(2)/m/n' will be
(Font)              scaled to size 7.21957pt on input line 125.
LaTeX Font Info:    Font shape `TU/latinmodern-math.otf(3)/m/n' will be
(Font)              scaled to size 14.43622pt on input line 125.
LaTeX Font Info:    Font shape `TU/latinmodern-math.otf(3)/m/n' will be
(Font)              scaled to size 9.62415pt on input line 125.
LaTeX Font Info:    Font shape `TU/latinmodern-math.otf(3)/m/n' will be
(Font)              scaled to size 7.21811pt on input line 125.
LaTeX Font Info:    Trying to load font information for U+msa on input line 125
.
(c:/Users/yura/AppData/Roaming/TinyTeX/texmf-dist/tex/latex/amsfonts/umsa.fd
File: umsa.fd 2013/01/14 v3.01 AMS symbols A
)
LaTeX Font Info:    Trying to load font information for U+msb on input line 125
.
(c:/Users/yura/AppData/Roaming/TinyTeX/texmf-dist/tex/latex/amsfonts/umsb.fd
File: umsb.fd 2013/01/14 v3.01 AMS symbols B
) [1


]
LaTeX Font Info:    Font shape `TU/Arial(0)/m/sl' in size <10> not available
(Font)              Font shape `TU/Arial(0)/m/it' tried instead on input line 1
28.
LaTeX Font Info:    Font shape `TU/Arial(0)/m/it' will be
(Font)              scaled to size 10.0pt on input line 128.
[2

]
LaTeX Font Info:    Font shape `TU/Arial(0)/m/n' will be
(Font)              scaled to size 24.88pt on input line 128.
LaTeX Font Info:    Font shape `TU/Arial(0)/b/n' will be
(Font)              scaled to size 24.88pt on input line 128.
(./r-intro.toc
LaTeX Font Info:    Font shape `TU/Arial(0)/b/n' will be
(Font)              scaled to size 10.0pt on input line 1.
LaTeX Font Info:    Font shape `TU/latinmodern-math.otf(1)/m/n' will be
(Font)              scaled to size 8.42198pt on input line 3.
LaTeX Font Info:    Font shape `TU/latinmodern-math.otf(1)/m/n' will be
(Font)              scaled to size 6.0157pt on input line 3.
LaTeX Font Info:    Font shape `TU/latinmodern-math.otf(2)/m/n' will be
(Font)              scaled to size 12.03262pt on input line 3.
LaTeX Font Info:    Font shape `TU/latinmodern-math.otf(2)/m/n' will be
(Font)              scaled to size 8.42284pt on input line 3.
LaTeX Font Info:    Font shape `TU/latinmodern-math.otf(2)/m/n' will be
(Font)              scaled to size 6.01631pt on input line 3.
LaTeX Font Info:    Font shape `TU/latinmodern-math.otf(3)/m/n' will be
(Font)              scaled to size 12.03018pt on input line 3.
LaTeX Font Info:    Font shape `TU/latinmodern-math.otf(3)/m/n' will be
(Font)              scaled to size 8.42113pt on input line 3.
LaTeX Font Info:    Font shape `TU/latinmodern-math.otf(3)/m/n' will be
(Font)              scaled to size 6.01509pt on input line 3.
[3])
\tf@toc=\write5
\openout5 = `r-intro.toc'.

[4]
File: images/cover.png Graphic file (type bmp)
<images/cover.png>

Underfull \vbox (badness 10000) has occurred while \output is active []

[5

]
Underfull \hbox (badness 2547) in paragraph at lines 138--139
[]\TU/Arial(0)/m/n/10 Курс створено у межах проекту “Підготовка, обробка та ефе
ктивне
 []

[6]
Chapter 1.
LaTeX Font Info:    Font shape `TU/Arial(0)/m/n' will be
(Font)              scaled to size 20.74pt on input line 141.
LaTeX Font Info:    Font shape `TU/Arial(0)/b/n' will be
(Font)              scaled to size 20.74pt on input line 141.
LaTeX Font Info:    Font shape `TU/Arial(0)/m/n' will be
(Font)              scaled to size 14.4pt on input line 144.
LaTeX Font Info:    Font shape `TU/Arial(0)/b/n' will be
(Font)              scaled to size 14.4pt on input line 144.
LaTeX Font Info:    Font shape `TU/Arial(0)/m/n' will be
(Font)              scaled to size 11.99997pt on input line 164.
[7

]
Underfull \hbox (badness 2635) in paragraph at lines 218--220
\TU/Arial(0)/m/n/10 Excel), R дозволяє працювати з великими масивами даних та
 []


Underfull \hbox (badness 6316) in paragraph at lines 218--220
\TU/Arial(0)/m/n/10 перезапускати обчислення у потрібний момент не створюючи
 []


Underfull \hbox (badness 3525) in paragraph at lines 220--222
[]\TU/Arial(0)/b/n/10 Машинне навчання\TU/Arial(0)/m/n/10 . R дозволяє використ
ати для побудови,
 []


Underfull \hbox (badness 1688) in paragraph at lines 220--222
\TU/Arial(0)/m/n/10 спеціальні пакети, що об’єднують у собі усі описані функції
 та
 []


Underfull \hbox (badness 1082) in paragraph at lines 222--223
[]\TU/Arial(0)/b/n/10 Автоматизація\TU/Arial(0)/m/n/10 . Написаний код та проек
ти можна перетворити
 []


Underfull \hbox (badness 10000) in paragraph at lines 225--226
\TU/Arial(0)/m/n/10 та \TU/Arial(0)/b/n/10 Звітність\TU/Arial(0)/m/n/10 , адже,
 використовуючи спеціальні бібліотеки (\TU/lmtt/m/n/10 shiny\TU/Arial(0)/m/n/10
 ,
 []


Underfull \hbox (badness 3514) in paragraph at lines 225--226
\TU/lmtt/m/n/10 shinydashboard\TU/Arial(0)/m/n/10 , \TU/lmtt/m/n/10 flexdashboa
rd\TU/Arial(0)/m/n/10 , \TU/lmtt/m/n/10 rmarkdown\TU/Arial(0)/m/n/10 , \TU/lmtt
/m/n/10 knitr \TU/Arial(0)/m/n/10 тощо), результати
 []


Underfull \hbox (badness 3965) in paragraph at lines 232--233
\TU/Arial(0)/m/n/10 Мова програмування \TU/lmtt/m/n/10 R \TU/Arial(0)/m/n/10 ви
никла як продовження статистичної мови
 []


Underfull \hbox (badness 2020) in paragraph at lines 232--233
\TU/lmtt/m/n/10 S\TU/Arial(0)/m/n/10 . Назва мови \TU/lmtt/m/n/10 S \TU/Arial(0
)/m/n/10 була обрана аналогічно до \TU/lmtt/m/n/10 C\TU/Arial(0)/m/n/10 . Створ
ена \TU/lmtt/m/n/10 S \TU/Arial(0)/m/n/10 була у
 []


Underfull \hbox (badness 1527) in paragraph at lines 232--233
\TU/Arial(0)/m/n/10 була версія \TU/lmtt/m/n/10 S-Plus\TU/Arial(0)/m/n/10 , що 
мала реалізацію за досить немалу кількість
 []

[8]

Package natbib Warning: Citation `R-stats-book' on page 9 undefined on input li
ne 234.


Underfull \hbox (badness 3965) in paragraph at lines 236--237
[]\TU/Arial(0)/m/n/10 Проект з самого початку розвивався досить повільно, але к
оли у
 []


Underfull \hbox (badness 1259) in paragraph at lines 236--237
\TU/Arial(0)/m/n/10 роботи з пам’яттю перших версій \TU/lmtt/m/n/10 R\TU/Arial(
0)/m/n/10 , на цю мову почали переходити
 []

LaTeX Font Info:    Font shape `TU/Arial(0)/b/n' will be
(Font)              scaled to size 12.0pt on input line 246.

Package natbib Warning: Citation `R-base' on page 9 undefined on input line 248
.

Missing character: There is no О in font [lmmono10-regular]:!
Missing character: There is no С in font [lmmono10-regular]:!
File: images/chapter1/r_gui_1.png Graphic file (type bmp)
<images/chapter1/r_gui_1.png>

Overfull \hbox (205.3898pt too wide) in paragraph at lines 258--258
[][] 
 []

File: images/chapter1/r_gui_2.png Graphic file (type bmp)
<images/chapter1/r_gui_2.png>

Overfull \hbox (214.42494pt too wide) in paragraph at lines 264--264
[][] 
 []

[9]
File: images/chapter1/r_gui_3.png Graphic file (type bmp)
<images/chapter1/r_gui_3.png>

Overfull \hbox (246.81885pt too wide) in paragraph at lines 270--270
[][] 
 []

File: images/chapter1/chrome_download_button.png Graphic file (type bmp)
<images/chapter1/chrome_download_button.png>
[10] [11]
Underfull \hbox (badness 2401) in paragraph at lines 284--285
\TU/Arial(0)/m/n/10 За замовчуванням під час інсталяції пропонується шлях \TU/l
mtt/m/n/10 C:\Program
 []

File: images/chapter1/r_gui_4.png Graphic file (type bmp)
<images/chapter1/r_gui_4.png>

Overfull \hbox (176.02565pt too wide) in paragraph at lines 291--291
[][] 
 []


Underfull \hbox (badness 5970) in paragraph at lines 294--295
[]\TU/Arial(0)/m/it/10 GUI \TU/Arial(0)/m/n/10 (\TU/Arial(0)/m/it/10 G\TU/Arial
(0)/m/n/10 raphical \TU/Arial(0)/m/it/10 U\TU/Arial(0)/m/n/10 ser \TU/Arial(0)/
m/it/10 I\TU/Arial(0)/m/n/10 nterface) - набір візуальних компонентів для
 []

[12]
Underfull \hbox (badness 6364) in paragraph at lines 296--297
[]\TU/Arial(0)/m/n/10 У вікні \TU/lmtt/m/n/10 R Console \TU/Arial(0)/m/n/10 мож
на вводити команди/інструкції \TU/lmtt/m/n/10 R\TU/Arial(0)/m/n/10 , що будуть
 []

File: images/chapter1/r_gui_5.png Graphic file (type bmp)
<images/chapter1/r_gui_5.png>

Overfull \hbox (127.07819pt too wide) in paragraph at lines 301--301
[][] 
 []


Underfull \hbox (badness 3039) in paragraph at lines 309--310
\TU/Arial(0)/m/n/10 його пізніше, щоб не проходти усі етапи виконання коду повт
орно
 []

[13]
LaTeX Font Info:    Font shape `TU/lmtt/bx/n' in size <10> not available
(Font)              Font shape `TU/lmtt/b/n' tried instead on input line 335.

Underfull \hbox (badness 6961) in paragraph at lines 335--336
[]\TU/Arial(0)/m/n/10 Для того аби переглянути список змінних у поточній сесії 
варто
 []


Underfull \hbox (badness 1087) in paragraph at lines 347--348
[]\TU/Arial(0)/m/n/10 Якщо виникає потреба очистити робочий простір і звільними
 пам’ять
 []

Missing character: There is no ш in font [lmmono10-regular]:!
Missing character: There is no л in font [lmmono10-regular]:!
Missing character: There is no я in font [lmmono10-regular]:!
Missing character: There is no х in font [lmmono10-regular]:!
Missing character: There is no д in font [lmmono10-regular]:!
Missing character: There is no о in font [lmmono10-regular]:!
Missing character: There is no ф in font [lmmono10-regular]:!
Missing character: There is no а in font [lmmono10-regular]:!
Missing character: There is no й in font [lmmono10-regular]:!
Missing character: There is no л in font [lmmono10-regular]:!
Missing character: There is no у in font [lmmono10-regular]:!
Missing character: There is no ш in font [lmmono10-regular]:!
Missing character: There is no л in font [lmmono10-regular]:!
Missing character: There is no я in font [lmmono10-regular]:!
Missing character: There is no х in font [lmmono10-regular]:!
Missing character: There is no д in font [lmmono10-regular]:!
Missing character: There is no о in font [lmmono10-regular]:!
Missing character: There is no ф in font [lmmono10-regular]:!
Missing character: There is no а in font [lmmono10-regular]:!
Missing character: There is no й in font [lmmono10-regular]:!
Missing character: There is no л in font [lmmono10-regular]:!
Missing character: There is no у in font [lmmono10-regular]:!
[14]
Missing character: There is no о in font [lmmono10-regular]:!
Missing character: There is no б in font [lmmono10-regular]:!
Missing character: There is no є in font [lmmono10-regular]:!
Missing character: There is no к in font [lmmono10-regular]:!
Missing character: There is no т in font [lmmono10-regular]:!
Missing character: There is no ш in font [lmmono10-regular]:!
Missing character: There is no л in font [lmmono10-regular]:!
Missing character: There is no я in font [lmmono10-regular]:!
Missing character: There is no х in font [lmmono10-regular]:!
Missing character: There is no ф in font [lmmono10-regular]:!
Missing character: There is no а in font [lmmono10-regular]:!
Missing character: There is no й in font [lmmono10-regular]:!
Missing character: There is no л in font [lmmono10-regular]:!
Missing character: There is no у in font [lmmono10-regular]:!
Missing character: There is no ш in font [lmmono10-regular]:!
Missing character: There is no л in font [lmmono10-regular]:!
Missing character: There is no я in font [lmmono10-regular]:!
Missing character: There is no х in font [lmmono10-regular]:!
Missing character: There is no ф in font [lmmono10-regular]:!
Missing character: There is no а in font [lmmono10-regular]:!
Missing character: There is no й in font [lmmono10-regular]:!
Missing character: There is no л in font [lmmono10-regular]:!
Missing character: There is no у in font [lmmono10-regular]:!

Underfull \hbox (badness 10000) in paragraph at lines 411--412
\TU/Arial(0)/m/n/10 Робота в будь-якому середовищі передбачає зв’язок із поточн
им
 []


Underfull \hbox (badness 2980) in paragraph at lines 411--412
\TU/Arial(0)/m/n/10 каталогом, відносно якого будуються шляхи до файлів. Звичай
но
 []


Underfull \hbox (badness 1248) in paragraph at lines 413--414
[]\TU/Arial(0)/m/n/10 Для визначення базового каталогу \TU/lmtt/m/n/10 R \TU/Ar
ial(0)/m/n/10 в поточній сесії використовують
 []

Missing character: There is no ш in font [lmmono10-regular]:!
Missing character: There is no л in font [lmmono10-regular]:!
Missing character: There is no я in font [lmmono10-regular]:!
Missing character: There is no х in font [lmmono10-regular]:!
[15]
LaTeX Font Info:    Font shape `TU/Arial(0)/b/it' will be
(Font)              scaled to size 10.0pt on input line 434.

Overfull \hbox (27.75pt too wide) in paragraph at lines 467--467
[]\TU/lmtt/m/n/10 ##  [1] "_bookdown.yml"          "_bookdown_files"        "_o
utput.yml"[] 
 []


Overfull \hbox (43.5pt too wide) in paragraph at lines 467--467
[]\TU/lmtt/m/n/10 ##  [4] "01-chapter1.Rmd"        "01-chapter1_files"      "01
-intro_files"[] 
 []


Overfull \hbox (48.75pt too wide) in paragraph at lines 467--467
[]\TU/lmtt/m/n/10 ##  [7] "02-chapter2.Rmd"        "02-chapter2_files"      "03
-chapter3.Rmd"[] 
 []


Overfull \hbox (12.0pt too wide) in paragraph at lines 467--467
[]\TU/lmtt/m/n/10 ## [10] "06-chapter6.Rmd"        "07-references.Rmd"      "bo
ok.bib"[] 
 []


Overfull \hbox (1.5pt too wide) in paragraph at lines 467--467
[]\TU/lmtt/m/n/10 ## [13] "css"                    "favicon.ico"            "im
ages"[] 
 []


Overfull \hbox (17.25pt too wide) in paragraph at lines 467--467
[]\TU/lmtt/m/n/10 ## [16] "inc"                    "index.md"               "in
dex.Rmd"[] 
 []


Overfull \hbox (33.0pt too wide) in paragraph at lines 467--467
[]\TU/lmtt/m/n/10 ## [19] "index.utf8.md"          "packages.bib"           "pr
eamble.tex"[] 
 []


Overfull \hbox (17.25pt too wide) in paragraph at lines 467--467
[]\TU/lmtt/m/n/10 ## [22] "r-intro.log"            "r-intro.rds"            "RE
ADME.md"[] 
 []


Overfull \hbox (33.0pt too wide) in paragraph at lines 467--467
[]\TU/lmtt/m/n/10 ## [25] "render_commands"        "render1ed07072671f.rds" "RI
ntro.Rproj"[] 
 []


Overfull \hbox (27.75pt too wide) in paragraph at lines 486--486
[]\TU/lmtt/m/n/10 ##  [1] "_bookdown.yml"          "_bookdown_files"        "_o
utput.yml"[] 
 []


Overfull \hbox (43.5pt too wide) in paragraph at lines 486--486
[]\TU/lmtt/m/n/10 ##  [4] "01-chapter1.Rmd"        "01-chapter1_files"      "01
-intro_files"[] 
 []


Overfull \hbox (48.75pt too wide) in paragraph at lines 486--486
[]\TU/lmtt/m/n/10 ##  [7] "02-chapter2.Rmd"        "02-chapter2_files"      "03
-chapter3.Rmd"[] 
 []


Overfull \hbox (12.0pt too wide) in paragraph at lines 486--486
[]\TU/lmtt/m/n/10 ## [10] "06-chapter6.Rmd"        "07-references.Rmd"      "bo
ok.bib"[] 
 []


Overfull \hbox (1.5pt too wide) in paragraph at lines 486--486
[]\TU/lmtt/m/n/10 ## [13] "css"                    "favicon.ico"            "im
ages"[] 
 []


Overfull \hbox (17.25pt too wide) in paragraph at lines 486--486
[]\TU/lmtt/m/n/10 ## [16] "inc"                    "index.md"               "in
dex.Rmd"[] 
 []


Overfull \hbox (33.0pt too wide) in paragraph at lines 486--486
[]\TU/lmtt/m/n/10 ## [19] "index.utf8.md"          "packages.bib"           "pr
eamble.tex"[] 
 []


Overfull \hbox (17.25pt too wide) in paragraph at lines 486--486
[]\TU/lmtt/m/n/10 ## [22] "r-intro.log"            "r-intro.rds"            "RE
ADME.md"[] 
 []


Overfull \hbox (33.0pt too wide) in paragraph at lines 486--486
[]\TU/lmtt/m/n/10 ## [25] "render_commands"        "render1ed07072671f.rds" "RI
ntro.Rproj"[] 
 []

Missing character: There is no н in font [lmmono10-regular]:!
Missing character: There is no а in font [lmmono10-regular]:!
Missing character: There is no з in font [lmmono10-regular]:!
Missing character: There is no в in font [lmmono10-regular]:!
Missing character: There is no а in font [lmmono10-regular]:!
Missing character: There is no о in font [lmmono10-regular]:!
Missing character: There is no б in font [lmmono10-regular]:!
Missing character: There is no є in font [lmmono10-regular]:!
Missing character: There is no к in font [lmmono10-regular]:!
Missing character: There is no т in font [lmmono10-regular]:!
Missing character: There is no а in font [lmmono10-regular]:!
Missing character: There is no а in font [lmmono10-regular]:!
Missing character: There is no б in font [lmmono10-regular]:!
Missing character: There is no о in font [lmmono10-regular]:!
Missing character: There is no ф in font [lmmono10-regular]:!
Missing character: There is no у in font [lmmono10-regular]:!
Missing character: There is no н in font [lmmono10-regular]:!
Missing character: There is no к in font [lmmono10-regular]:!
Missing character: There is no ц in font [lmmono10-regular]:!
Missing character: There is no і in font [lmmono10-regular]:!
Missing character: There is no ї in font [lmmono10-regular]:!
Missing character: There is no н in font [lmmono10-regular]:!
Missing character: There is no а in font [lmmono10-regular]:!
Missing character: There is no з in font [lmmono10-regular]:!
Missing character: There is no в in font [lmmono10-regular]:!
Missing character: There is no а in font [lmmono10-regular]:!
Missing character: There is no о in font [lmmono10-regular]:!
Missing character: There is no б in font [lmmono10-regular]:!
Missing character: There is no є in font [lmmono10-regular]:!
Missing character: There is no к in font [lmmono10-regular]:!
Missing character: There is no т in font [lmmono10-regular]:!
Missing character: There is no а in font [lmmono10-regular]:!
Missing character: There is no а in font [lmmono10-regular]:!
Missing character: There is no б in font [lmmono10-regular]:!
Missing character: There is no о in font [lmmono10-regular]:!
Missing character: There is no ф in font [lmmono10-regular]:!
Missing character: There is no у in font [lmmono10-regular]:!
Missing character: There is no н in font [lmmono10-regular]:!
Missing character: There is no к in font [lmmono10-regular]:!
Missing character: There is no ц in font [lmmono10-regular]:!
Missing character: There is no і in font [lmmono10-regular]:!
Missing character: There is no ї in font [lmmono10-regular]:!

Underfull \hbox (badness 8113) in paragraph at lines 491--492
\TU/Arial(0)/m/n/10 Для отримання швидкої довідки в \TU/lmtt/m/n/10 R \TU/Arial
(0)/m/n/10 варто скористатися функціє
 []

[16]

Package natbib Warning: Citation `R-studio-site' on page 17 undefined on input 
line 514.


Underfull \hbox (badness 10000) in paragraph at lines 516--517
[]\TU/Arial(0)/m/n/10 IDE (\TU/lmtt/m/n/10 integrated development environment\T
U/Arial(0)/m/n/10 ) - комплексне програмне
 []


Underfull \hbox (badness 1460) in paragraph at lines 516--517
\TU/Arial(0)/m/n/10 та відлагодження програм. Більшість сучасних середовищ розр
обки
 []

File: images/chapter1/rstudio_1.png Graphic file (type bmp)
<images/chapter1/rstudio_1.png>

Overfull \hbox (253.09111pt too wide) in paragraph at lines 530--530
[][] 
 []


LaTeX Warning: Float too large for page by 24.11517pt on input line 531.

File: images/chapter1/rstudio_2.png Graphic file (type bmp)
<images/chapter1/rstudio_2.png>

Overfull \hbox (335.80383pt too wide) in paragraph at lines 542--542
[][] 
 []


LaTeX Warning: Float too large for page by 24.12047pt on input line 543.


Underfull \hbox (badness 2717) in paragraph at lines 547--552
\TU/Arial(0)/m/n/10 коду та виведення результатів (зліва знизу). * Змінні серед
овища
 []


Underfull \hbox (badness 3364) in paragraph at lines 547--552
\TU/Arial(0)/m/n/10 зовнішніми ресурсами даних, наприклад, бази даних (\TU/lmtt
/m/n/10 Connections\TU/Arial(0)/m/n/10 ),
 []

[17] [18] [19]
File: images/chapter1/rstudio_3.png Graphic file (type bmp)
<images/chapter1/rstudio_3.png>

Overfull \hbox (406.40991pt too wide) in paragraph at lines 554--554
[][] 
 []

File: images/chapter1/rstudio_4.png Graphic file (type bmp)
<images/chapter1/rstudio_4.png>

Overfull \hbox (164.7473pt too wide) in paragraph at lines 560--560
[][] 
 []


Underfull \hbox (badness 10000) in paragraph at lines 565--566
[]\TU/Arial(0)/m/n/10 Другий рядок \TU/lmtt/m/n/10 plot(data, type="l") \TU/Ari
al(0)/m/n/10 дозволяє побудувати простий
 []


Underfull \hbox (badness 10000) in paragraph at lines 565--566
\TU/Arial(0)/m/n/10 лінійний графік (\TU/lmtt/m/n/10 type="l" - linear, "p" - p
oint\TU/Arial(0)/m/n/10 , \TU/lmtt/m/n/10 help(plot) \TU/Arial(0)/m/n/10 для
 []


Underfull \hbox (badness 3635) in paragraph at lines 565--566
\TU/Arial(0)/m/n/10 у блоці \TU/Arial(0)/b/n/10 Plots\TU/Arial(0)/m/n/10 . Якщо
 ж графік має більш складну візуалізацію з
 []

File: images/chapter1/arrow_keys.png Graphic file (type bmp)
<images/chapter1/arrow_keys.png>

Underfull \hbox (badness 3536) in paragraph at lines 569--571
[]\TU/Arial(0)/m/n/10 Для швидкого “гортання” уже виконаних раніше команд на ко
нсолі
 []


Underfull \hbox (badness 10000) in paragraph at lines 569--571
\TU/Arial(0)/m/n/10 (\TU/Arial(0)/m/it/10 Console\TU/Arial(0)/m/n/10 ) можна ск
ористатися клавішами Up/Down на клавіатурі:
 []


Underfull \hbox (badness 1715) in paragraph at lines 575--576
\TU/Arial(0)/m/n/10 На відміну від \TU/lmtt/m/n/10 R Gui \TU/Arial(0)/m/n/10 в 
\TU/lmtt/m/n/10 RStudio \TU/Arial(0)/m/n/10 реалізовано концепцію проектів, що
 []

File: images/chapter1/rstudio_6.png Graphic file (type bmp)
<images/chapter1/rstudio_6.png>

Overfull \hbox (63.08034pt too wide) in paragraph at lines 582--582
[][] 
 []

File: images/chapter1/rstudio_7.png Graphic file (type bmp)
<images/chapter1/rstudio_7.png>

Overfull \hbox (61.60551pt too wide) in paragraph at lines 588--588
[][] 
 []

[20] [21] [22] [23]
Underfull \hbox (badness 3219) in paragraph at lines 591--592
[]\TU/Arial(0)/m/n/10 Після кліку на \TU/lmtt/m/n/10 Create Project \TU/Arial(0
)/m/n/10 буде створено папку за попередньо
 []

File: images/chapter1/rstudio_8.png Graphic file (type bmp)
<images/chapter1/rstudio_8.png>

Overfull \hbox (63.08656pt too wide) in paragraph at lines 594--594
[][] 
 []


Underfull \hbox (badness 1215) in paragraph at lines 602--603
[]\TU/Arial(0)/m/n/10 Написати програму, що генерує вектор з 20-ти випадкових
 []


Underfull \hbox (badness 2653) in paragraph at lines 605--606
[]\TU/Arial(0)/m/n/10 Код для генерації 20-ти випадкових чесел у діапазоні [1;5
] матиме
 []

[24] [25]
Missing character: There is no т in font [lmmono10-regular]:!
Missing character: There is no о in font [lmmono10-regular]:!
Missing character: There is no ч in font [lmmono10-regular]:!
Missing character: There is no к in font [lmmono10-regular]:!
Missing character: There is no а in font [lmmono10-regular]:!
Missing character: There is no в in font [lmmono10-regular]:!
Missing character: There is no і in font [lmmono10-regular]:!
Missing character: There is no д in font [lmmono10-regular]:!
Missing character: There is no л in font [lmmono10-regular]:!
Missing character: There is no і in font [lmmono10-regular]:!
Missing character: There is no к in font [lmmono10-regular]:!
Missing character: There is no у in font [lmmono10-regular]:!
Missing character: There is no ч in font [lmmono10-regular]:!
Missing character: There is no и in font [lmmono10-regular]:!
Missing character: There is no с in font [lmmono10-regular]:!
Missing character: There is no л in font [lmmono10-regular]:!
Missing character: There is no о in font [lmmono10-regular]:!

Overfull \hbox (4.83116pt too wide) in paragraph at lines 618--619
[]\TU/Arial(0)/m/n/10 Результати виконання на Вашому ПК будуть іншими, адже \TU
/Arial(0)/b/n/10 псевдо\TU/Arial(0)/m/n/10 генератор
 []

File: 01-chapter1_files/figure-latex/unnamed-chunk-22-1.pdf Graphic file (type 
pdf)
<use 01-chapter1_files/figure-latex/unnamed-chunk-22-1.pdf>

Underfull \hbox (badness 10000) in paragraph at lines 661--662
\TU/Arial(0)/m/it/10 тут: []$[][][][][] [] [] [] [][][] [] [][][][][][][][][][]
[][][][] [] [][][] [] [][][][][][][][] [] [][][][][][][][] [] [][][][][][][][] 
[] [] [] [] [] [] []
 []

File: images/chapter1/rstudio_10.png Graphic file (type bmp)
<images/chapter1/rstudio_10.png>

Overfull \hbox (234.76279pt too wide) in paragraph at lines 666--666
[][] 
 []

Missing character: There is no п in font [lmmono10-regular]:!
Missing character: There is no а in font [lmmono10-regular]:!
Missing character: There is no м in font [lmmono10-regular]:!
Missing character: There is no я in font [lmmono10-regular]:!
Missing character: There is no т in font [lmmono10-regular]:!
Missing character: There is no і in font [lmmono10-regular]:!

Underfull \hbox (badness 7238) in paragraph at lines 669--670
[]\TU/Arial(0)/m/n/10 Варто звернути увагу на виділений блок \TU/lmtt/m/n/10 En
vironment\TU/Arial(0)/m/n/10 , де можна
 []


Underfull \hbox (badness 1005) in paragraph at lines 669--670
\TU/Arial(0)/m/n/10 переглянути усі доступні змінні, що є на даний момент у \TU
/lmtt/m/n/10 пам[]яті\TU/Arial(0)/m/n/10 . До
 []

[26]
Underfull \hbox (badness 1895) in paragraph at lines 678--679
[]\TU/Arial(0)/m/n/10 Використання ноутбуків у навчальному процесі дозволяє опи
сати не
 []


Underfull \hbox (badness 7595) in paragraph at lines 680--681
[]\TU/Arial(0)/m/n/10 Розгялнемо процес інсталяції та запуску \TU/lmtt/m/n/10 A
naconda \TU/Arial(0)/m/n/10 (середовище з
 []


Package natbib Warning: Citation `Anaconda-site' on page 27 undefined on input 
line 682.


Underfull \hbox (badness 1043) in paragraph at lines 684--685
[]\TU/Arial(0)/m/n/10 _*Примітка. Усі операції у даному курсі виконуються під о
пераційну
 []

[27] [28]
File: images/chapter1/anaconda_1.png Graphic file (type bmp)
<images/chapter1/anaconda_1.png>

Underfull \hbox (badness 1033) in paragraph at lines 696--697
[]\TU/Arial(0)/m/n/10 Для початку потрібно перейти на вкладку \TU/lmtt/m/n/10 E
nvironments \TU/Arial(0)/m/n/10 та натиснути
 []

File: images/chapter1/anaconda_2.png Graphic file (type bmp)
<images/chapter1/anaconda_2.png>

Overfull \hbox (420.73872pt too wide) in paragraph at lines 699--699
[][] 
 []

File: images/chapter1/anaconda_3.png Graphic file (type bmp)
<images/chapter1/anaconda_3.png>

Overfull \hbox (6.61165pt too wide) in paragraph at lines 705--705
[][] 
 []

File: images/chapter1/anaconda_4.png Graphic file (type bmp)
<images/chapter1/anaconda_4.png>

Overfull \hbox (450.07906pt too wide) in paragraph at lines 711--711
[][] 
 []


Underfull \hbox (badness 3872) in paragraph at lines 714--715
[]\TU/Arial(0)/m/n/10 Після завантаження робочого простору оберіть \TU/lmtt/m/n
/10 Launch \TU/Arial(0)/m/n/10 для запуску
 []

File: images/chapter1/anaconda_6.png Graphic file (type bmp)
<images/chapter1/anaconda_6.png>

Overfull \hbox (177.56335pt too wide) in paragraph at lines 717--717
[][] 
 []


Package natbib Warning: Citation `vs-code' on page 29 undefined on input line 7
25.


Underfull \hbox (badness 5374) in paragraph at lines 725--726
[]\TU/Arial(0)/b/n/10 Visual Studio Code \TU/Arial(0)/m/n/10 - безкоштовний ред
актор коду від \TU/lmtt/m/n/10 Microsoft\TU/Arial(0)/m/n/10 ,
 []


Underfull \hbox (badness 2856) in paragraph at lines 725--726
\TU/Arial(0)/m/n/10 орієнтовний на велику кількість мов програмування та фреймв
орків
 []

File: images/chapter1/vs_code.png Graphic file (type bmp)
<images/chapter1/vs_code.png>

Overfull \hbox (334.19215pt too wide) in paragraph at lines 728--728
[][] 
 []


Package natbib Warning: Citation `visual-studio' on page 29 undefined on input 
line 731.


Package natbib Warning: Citation `google-collab' on page 29 undefined on input 
line 733.

File: images/chapter1/google_collab.png Graphic file (type bmp)
<images/chapter1/google_collab.png>

Overfull \hbox (196.38774pt too wide) in paragraph at lines 736--736
[][] 
 []

File: images/chapter1/kaggle.png Graphic file (type bmp)
<images/chapter1/kaggle.png>

Overfull \hbox (301.0313pt too wide) in paragraph at lines 744--744
[][] 
 []

[29] [30] [31] [32] [33] [34] [35]
Underfull \hbox (badness 1558) in paragraph at lines 757--758
\TU/Arial(0)/m/n/10 Своєю популярністю \TU/lmtt/m/n/10 R \TU/Arial(0)/m/n/10 за
вдячує, у тому числі, і можливості швидко
 []


Underfull \hbox (badness 3271) in paragraph at lines 757--758
\TU/Arial(0)/m/n/10 реалізувати досить складні дослідження за допомогою наборів
 уже
 []


Underfull \hbox (badness 1231) in paragraph at lines 757--758
\TU/Arial(0)/m/n/10 готових функції. Такі функції обєднуються у пакети та публі
куються
 []


Package natbib Warning: Citation `R-base' on page 36 undefined on input line 76
1.


Underfull \hbox (badness 2828) in paragraph at lines 761--762
[]\TU/Arial(0)/m/n/10 Пакети можуть бути завантажені з офіційного сайту проекту
 []cran.r-
 []


Underfull \hbox (badness 5667) in paragraph at lines 771--772
[]\TU/Arial(0)/m/n/10 Для підключення пакету та його використання варто скорист
атися
 []


Underfull \hbox (badness 1466) in paragraph at lines 786--787
\TU/Arial(0)/m/n/10 Робота з пакетами в RStudio організована досить зручно і до
зволяє
 []

File: images/chapter1/packages_1.png Graphic file (type bmp)
<images/chapter1/packages_1.png>

Overfull \hbox (228.00383pt too wide) in paragraph at lines 791--791
[][] 
 []

[36]
File: images/chapter1/packages_2.png Graphic file (type bmp)
<images/chapter1/packages_2.png>

Overfull \hbox (232.50398pt too wide) in paragraph at lines 797--797
[][] 
 []


Underfull \hbox (badness 5578) in paragraph at lines 800--801
[]\TU/lmtt/m/n/10 RStudio \TU/Arial(0)/m/n/10 дозволяє також переглянути інстал
ьовані пакети/бібліотеки,
 []

File: images/chapter1/packages_3.png Graphic file (type bmp)
<images/chapter1/packages_3.png>
Missing character: There is no н in font [lmmono10-regular]:!
Missing character: There is no а in font [lmmono10-regular]:!
Missing character: There is no з in font [lmmono10-regular]:!
Missing character: There is no в in font [lmmono10-regular]:!
Missing character: There is no а in font [lmmono10-regular]:!
Missing character: There is no п in font [lmmono10-regular]:!
Missing character: There is no а in font [lmmono10-regular]:!
Missing character: There is no к in font [lmmono10-regular]:!
Missing character: There is no е in font [lmmono10-regular]:!
Missing character: There is no т in font [lmmono10-regular]:!
Missing character: There is no у in font [lmmono10-regular]:!
Missing character: There is no н in font [lmmono10-regular]:!
Missing character: There is no а in font [lmmono10-regular]:!
Missing character: There is no з in font [lmmono10-regular]:!
Missing character: There is no в in font [lmmono10-regular]:!
Missing character: There is no а in font [lmmono10-regular]:!
Missing character: There is no ф in font [lmmono10-regular]:!
Missing character: There is no у in font [lmmono10-regular]:!
Missing character: There is no н in font [lmmono10-regular]:!
Missing character: There is no к in font [lmmono10-regular]:!
Missing character: There is no ц in font [lmmono10-regular]:!
Missing character: There is no і in font [lmmono10-regular]:!
Missing character: There is no ї in font [lmmono10-regular]:!

Underfull \hbox (badness 5374) in paragraph at lines 806--807
[]\TU/Arial(0)/m/n/10 Доступ до функцій та інших елементів пакету можна здійсню
вати
 []


Underfull \hbox (badness 3417) in paragraph at lines 806--807
\TU/Arial(0)/m/n/10 використавши запис \TU/lmtt/m/n/10 назва_пакету::назва_функ
ції() \TU/Arial(0)/m/n/10 без підключення бібліотеки
 []

File: images/chapter1/packages_4.png Graphic file (type bmp)
<images/chapter1/packages_4.png>

Overfull \hbox (230.98053pt too wide) in paragraph at lines 809--809
[][] 
 []


Underfull \hbox (badness 10000) in paragraph at lines 812--813
[]\TU/Arial(0)/m/n/10 Користувачі можуть не тільки завантажувати існуючі пакети
,але
 []

[37] [38] [39] [40]
Chapter 2.
[41

]
Underfull \hbox (badness 1783) in paragraph at lines 937--941
\TU/Arial(0)/m/n/10 Є кілька основних правил іменування змінних у R: 1. Ім’я зм
інної
 []


Underfull \hbox (badness 1655) in paragraph at lines 937--941
\TU/Arial(0)/b/n/10 крапки\TU/Arial(0)/m/n/10 . Якщо воно починається з крапки,
 то наступним символом
 []


Underfull \hbox (badness 1939) in paragraph at lines 937--941
\TU/Arial(0)/m/n/10 повинна бути буква. 3. Не можна використовувати зарезервова
ні
 []

[42]
Overfull \hbox (40.38303pt too wide) in paragraph at lines 944--945
[]\TU/Arial(0)/m/n/10 Приклад коректного іменування змінних: \TU/lmtt/m/n/10 to
tal\TU/Arial(0)/m/n/10 , \TU/lmtt/m/n/10 zminna\TU/Arial(0)/m/n/10 , \TU/lmtt/m
/n/10 Sum\TU/Arial(0)/m/n/10 , \TU/lmtt/m/n/10 .length_of_something\TU/Arial(0)
/m/n/10 ,
 []


Underfull \hbox (badness 1281) in paragraph at lines 946--947
[]\TU/Arial(0)/m/n/10 Приклад неправильного іменування змінних: \TU/lmtt/m/n/10
 tot@l\TU/Arial(0)/m/n/10 , \TU/lmtt/m/n/10 5x_1\TU/Arial(0)/m/n/10 , \TU/lmtt/
m/n/10 _variable\TU/Arial(0)/m/n/10 ,
 []

Missing character: There is no С in font [lmmono10-regular]:!

Underfull \hbox (badness 1199) in paragraph at lines 967--968
\TU/Arial(0)/m/n/10 (тип \TU/lmtt/m/n/10 string \TU/Arial(0)/m/n/10 у \TU/lmtt/
m/n/10 С#\TU/Arial(0)/m/n/10 ). Такий код не буде запущено і виникне \TU/Arial(
0)/b/n/10 помилка
 []

[43]
Underfull \hbox (badness 3449) in paragraph at lines 992--994
[]\TU/Arial(0)/m/n/10 Натуральні числа (\TU/lmtt/m/n/10 natural numbers\TU/Aria
l(0)/m/n/10 ), як наприклад, \TU/lmtt/m/n/10 4\TU/Arial(0)/m/n/10 , \TU/lmtt/m/
n/10 15\TU/Arial(0)/m/n/10 , що
 []


Underfull \hbox (badness 4096) in paragraph at lines 1009--1010
[]\TU/Arial(0)/m/n/10 Замінимо значення \TU/lmtt/m/n/10 my_character <- "5" \TU
/Arial(0)/m/n/10 та спробуємо знайти суму
 []

[44]
Underfull \hbox (badness 2443) in paragraph at lines 1040--1041
[]\TU/Arial(0)/m/n/10 Виконання коду \TU/lmtt/m/n/10 class(5) \TU/Arial(0)/m/n/
10 показує нам, що \TU/lmtt/m/n/10 5\TU/Arial(0)/m/n/10 є значенням числового
 []


Underfull \hbox (badness 1253) in paragraph at lines 1040--1041
\TU/Arial(0)/m/n/10 типу даних \TU/lmtt/m/n/10 numeric\TU/Arial(0)/m/n/10 , а \
TU/lmtt/m/n/10 class("5") \TU/Arial(0)/m/n/10 відповідає тексту \TU/lmtt/m/n/10
 character\TU/Arial(0)/m/n/10 , тому
 []


Underfull \hbox (badness 2469) in paragraph at lines 1045--1046
\TU/Arial(0)/m/n/10 У випадку коли тип даних потрібно визначити у процесі викон
ання
 []


Underfull \hbox (badness 2698) in paragraph at lines 1045--1046
\TU/Arial(0)/m/n/10 програми/коду та перетворити значення використовується прив
едння
 []

Missing character: There is no н in font [lmmono10-regular]:!
Missing character: There is no а in font [lmmono10-regular]:!
Missing character: There is no з in font [lmmono10-regular]:!
Missing character: There is no в in font [lmmono10-regular]:!
Missing character: There is no а in font [lmmono10-regular]:!
Missing character: There is no т in font [lmmono10-regular]:!
Missing character: There is no и in font [lmmono10-regular]:!
Missing character: There is no п in font [lmmono10-regular]:!
Missing character: There is no у in font [lmmono10-regular]:!
Missing character: There is no з in font [lmmono10-regular]:!
Missing character: There is no н in font [lmmono10-regular]:!
Missing character: There is no а in font [lmmono10-regular]:!
Missing character: There is no ч in font [lmmono10-regular]:!
Missing character: There is no е in font [lmmono10-regular]:!
Missing character: There is no н in font [lmmono10-regular]:!
Missing character: There is no н in font [lmmono10-regular]:!
Missing character: There is no я in font [lmmono10-regular]:!
Missing character: There is no н in font [lmmono10-regular]:!
Missing character: There is no а in font [lmmono10-regular]:!
Missing character: There is no з in font [lmmono10-regular]:!
Missing character: There is no в in font [lmmono10-regular]:!
Missing character: There is no а in font [lmmono10-regular]:!
Missing character: There is no т in font [lmmono10-regular]:!
Missing character: There is no и in font [lmmono10-regular]:!
Missing character: There is no п in font [lmmono10-regular]:!
Missing character: There is no у in font [lmmono10-regular]:!
Missing character: There is no з in font [lmmono10-regular]:!
Missing character: There is no н in font [lmmono10-regular]:!
Missing character: There is no а in font [lmmono10-regular]:!
Missing character: There is no ч in font [lmmono10-regular]:!
Missing character: There is no е in font [lmmono10-regular]:!
Missing character: There is no н in font [lmmono10-regular]:!
Missing character: There is no н in font [lmmono10-regular]:!
Missing character: There is no я in font [lmmono10-regular]:!

Overfull \hbox (15.89366pt too wide) in paragraph at lines 1077--1078
[]\TU/Arial(0)/m/n/10 Для перетворення типу даних можна скористатися функцією \
TU/lmtt/m/n/10 as.назва_типу(значення)\TU/Arial(0)/m/n/10 .
 []

[45] [46]
Underfull \hbox (badness 6995) in paragraph at lines 1175--1180
[]\TU/Arial(0)/m/n/10 Розглянемо набір звичних арифметичних операторів, що відо
мі з
 []

[47] [48] [49]
Missing character: There is no п in font [lmmono10-italic]:!
Missing character: There is no р in font [lmmono10-italic]:!
Missing character: There is no о in font [lmmono10-italic]:!
Missing character: There is no б in font [lmmono10-italic]:!
Missing character: There is no і in font [lmmono10-italic]:!
Missing character: There is no л in font [lmmono10-italic]:!
Missing character: There is no и in font [lmmono10-italic]:!
Missing character: There is no м in font [lmmono10-italic]:!
Missing character: There is no і in font [lmmono10-italic]:!
Missing character: There is no ж in font [lmmono10-italic]:!
Missing character: There is no ц in font [lmmono10-italic]:!
Missing character: There is no и in font [lmmono10-italic]:!
Missing character: There is no ф in font [lmmono10-italic]:!
Missing character: There is no р in font [lmmono10-italic]:!
Missing character: There is no а in font [lmmono10-italic]:!
Missing character: There is no м in font [lmmono10-italic]:!
Missing character: There is no и in font [lmmono10-italic]:!
Missing character: There is no т in font [lmmono10-italic]:!
Missing character: There is no а in font [lmmono10-italic]:!
Missing character: There is no о in font [lmmono10-italic]:!
Missing character: There is no п in font [lmmono10-italic]:!
Missing character: There is no е in font [lmmono10-italic]:!
Missing character: There is no р in font [lmmono10-italic]:!
Missing character: There is no а in font [lmmono10-italic]:!
Missing character: There is no т in font [lmmono10-italic]:!
Missing character: There is no о in font [lmmono10-italic]:!
Missing character: There is no р in font [lmmono10-italic]:!
Missing character: There is no а in font [lmmono10-italic]:!
Missing character: There is no м in font [lmmono10-italic]:!
Missing character: There is no и in font [lmmono10-italic]:!
Missing character: There is no м in font [lmmono10-italic]:!
Missing character: There is no о in font [lmmono10-italic]:!
Missing character: There is no ж in font [lmmono10-italic]:!
Missing character: There is no н in font [lmmono10-italic]:!
Missing character: There is no а in font [lmmono10-italic]:!
Missing character: There is no н in font [lmmono10-italic]:!
Missing character: There is no е in font [lmmono10-italic]:!
Missing character: There is no л in font [lmmono10-italic]:!
Missing character: There is no и in font [lmmono10-italic]:!
Missing character: There is no ш in font [lmmono10-italic]:!
Missing character: There is no а in font [lmmono10-italic]:!
Missing character: There is no т in font [lmmono10-italic]:!
Missing character: There is no и in font [lmmono10-italic]:!
Missing character: There is no ц in font [lmmono10-italic]:!
Missing character: There is no е in font [lmmono10-italic]:!
Missing character: There is no р in font [lmmono10-italic]:!
Missing character: There is no о in font [lmmono10-italic]:!
Missing character: There is no б in font [lmmono10-italic]:!
Missing character: There is no и in font [lmmono10-italic]:!
Missing character: There is no т in font [lmmono10-italic]:!
Missing character: There is no ь in font [lmmono10-italic]:!
Missing character: There is no с in font [lmmono10-italic]:!
Missing character: There is no я in font [lmmono10-italic]:!
Missing character: There is no д in font [lmmono10-italic]:!
Missing character: There is no л in font [lmmono10-italic]:!
Missing character: There is no я in font [lmmono10-italic]:!
Missing character: There is no з in font [lmmono10-italic]:!
Missing character: There is no р in font [lmmono10-italic]:!
Missing character: There is no у in font [lmmono10-italic]:!
Missing character: There is no ч in font [lmmono10-italic]:!
Missing character: There is no н in font [lmmono10-italic]:!
Missing character: There is no о in font [lmmono10-italic]:!
Missing character: There is no с in font [lmmono10-italic]:!
Missing character: There is no т in font [lmmono10-italic]:!
Missing character: There is no і in font [lmmono10-italic]:!
Missing character: There is no в in font [lmmono10-italic]:!
Missing character: There is no і in font [lmmono10-italic]:!
Missing character: There is no з in font [lmmono10-italic]:!
Missing character: There is no у in font [lmmono10-italic]:!
Missing character: There is no а in font [lmmono10-italic]:!
Missing character: There is no л in font [lmmono10-italic]:!
Missing character: There is no ь in font [lmmono10-italic]:!
Missing character: There is no н in font [lmmono10-italic]:!
Missing character: There is no о in font [lmmono10-italic]:!
Missing character: There is no г in font [lmmono10-italic]:!
Missing character: There is no о in font [lmmono10-italic]:!
Missing character: There is no с in font [lmmono10-italic]:!
Missing character: There is no п in font [lmmono10-italic]:!
Missing character: There is no р in font [lmmono10-italic]:!
Missing character: There is no и in font [lmmono10-italic]:!
Missing character: There is no й in font [lmmono10-italic]:!
Missing character: There is no н in font [lmmono10-italic]:!
Missing character: There is no я in font [lmmono10-italic]:!
Missing character: There is no т in font [lmmono10-italic]:!
Missing character: There is no т in font [lmmono10-italic]:!
Missing character: There is no я in font [lmmono10-italic]:!
Missing character: There is no к in font [lmmono10-italic]:!
Missing character: There is no о in font [lmmono10-italic]:!
Missing character: There is no д in font [lmmono10-italic]:!
Missing character: There is no у in font [lmmono10-italic]:!

Underfull \hbox (badness 1087) in paragraph at lines 1382--1383
[]\TU/Arial(0)/m/n/10 В окремих випадках інтерпритатори \TU/lmtt/m/n/10 R \TU/A
rial(0)/m/n/10 можуть некоректно читати або
 []


Underfull \hbox (badness 1097) in paragraph at lines 1382--1383
\TU/Arial(0)/m/n/10 явно локалізацію, яку Ви бажаєте використовувати. Для украї
нської
 []


Underfull \hbox (badness 2189) in paragraph at lines 1393--1394
\TU/Arial(0)/m/n/10 собою та повертають зна